{"E:\\PROJECTS\\cohort-9-mern-7817-wajahat\\frontend\\src\\api\\axios.js": {"path":"E:\\PROJECTS\\cohort-9-mern-7817-wajahat\\frontend\\src\\api\\axios.js","statementMap":{"0":{"start":{"line":3,"column":12},"end":{"line":9,"column":2}}},"fnMap":{},"branchMap":{},"s":{"0":3},"f":{},"b":{},"_coverageSchema":"1a1c01bbd47fc00a2c39e90264f33305004495a9","hash":"9af18567f16802f4ff548c23100a3d64997c9439"}
,"E:\\PROJECTS\\cohort-9-mern-7817-wajahat\\frontend\\src\\components\\common\\PasswordInput.jsx": {"path":"E:\\PROJECTS\\cohort-9-mern-7817-wajahat\\frontend\\src\\components\\common\\PasswordInput.jsx","statementMap":{"0":{"start":{"line":1,"column":22},"end":{"line":36,"column":1}},"1":{"start":{"line":9,"column":2},"end":{"line":35,"column":4}},"2":{"start":{"line":23,"column":10},"end":{"line":23,"column":50}},"3":{"start":{"line":23,"column":40},"end":{"line":23,"column":49}}},"fnMap":{"0":{"name":"(anonymous_0)","decl":{"start":{"line":1,"column":22},"end":{"line":1,"column":23}},"loc":{"start":{"line":8,"column":6},"end":{"line":36,"column":1}},"line":8},"1":{"name":"(anonymous_1)","decl":{"start":{"line":22,"column":17},"end":{"line":22,"column":18}},"loc":{"start":{"line":23,"column":10},"end":{"line":23,"column":50}},"line":23},"2":{"name":"(anonymous_2)","decl":{"start":{"line":23,"column":26},"end":{"line":23,"column":27}},"loc":{"start":{"line":23,"column":40},"end":{"line":23,"column":49}},"line":23}},"branchMap":{"0":{"loc":{"start":{"line":12,"column":14},"end":{"line":12,"column":48}},"type":"cond-expr","locations":[{"start":{"line":12,"column":29},"end":{"line":12,"column":35}},{"start":{"line":12,"column":38},"end":{"line":12,"column":48}}],"line":12},"1":{"loc":{"start":{"line":27,"column":10},"end":{"line":29,"column":29}},"type":"cond-expr","locations":[{"start":{"line":28,"column":14},"end":{"line":28,"column":29}},{"start":{"line":29,"column":14},"end":{"line":29,"column":29}}],"line":27},"2":{"loc":{"start":{"line":32,"column":9},"end":{"line":32,"column":33}},"type":"cond-expr","locations":[{"start":{"line":32,"column":24},"end":{"line":32,"column":27}},{"start":{"line":32,"column":30},"end":{"line":32,"column":33}}],"line":32}},"s":{"0":1,"1":6,"2":1,"3":1},"f":{"0":6,"1":1,"2":1},"b":{"0":[2,4],"1":[2,4],"2":[2,4]},"_coverageSchema":"1a1c01bbd47fc00a2c39e90264f33305004495a9","hash":"4b1a8e362bd26a8a837e1a8bdf566fba42b6aa9d"}
,"E:\\PROJECTS\\cohort-9-mern-7817-wajahat\\frontend\\src\\components\\notes\\AddNoteButton.jsx": {"path":"E:\\PROJECTS\\cohort-9-mern-7817-wajahat\\frontend\\src\\components\\notes\\AddNoteButton.jsx","statementMap":{"0":{"start":{"line":3,"column":22},"end":{"line":14,"column":1}},"1":{"start":{"line":4,"column":2},"end":{"line":13,"column":4}}},"fnMap":{"0":{"name":"(anonymous_0)","decl":{"start":{"line":3,"column":22},"end":{"line":3,"column":23}},"loc":{"start":{"line":3,"column":39},"end":{"line":14,"column":1}},"line":3}},"branchMap":{},"s":{"0":1,"1":3},"f":{"0":3},"b":{},"_coverageSchema":"1a1c01bbd47fc00a2c39e90264f33305004495a9","hash":"6a84ff2c0cf4fe0b0d6e81ea6d723d3a06e0b565"}
,"E:\\PROJECTS\\cohort-9-mern-7817-wajahat\\frontend\\src\\components\\notes\\NoteCard.jsx": {"path":"E:\\PROJECTS\\cohort-9-mern-7817-wajahat\\frontend\\src\\components\\notes\\NoteCard.jsx","statementMap":{"0":{"start":{"line":8,"column":17},"end":{"line":112,"column":1}},"1":{"start":{"line":18,"column":34},"end":{"line":18,"column":49}},"2":{"start":{"line":19,"column":42},"end":{"line":19,"column":57}},"3":{"start":{"line":20,"column":27},"end":{"line":39,"column":3}},"4":{"start":{"line":21,"column":4},"end":{"line":21,"column":29}},"5":{"start":{"line":21,"column":22},"end":{"line":21,"column":29}},"6":{"start":{"line":22,"column":26},"end":{"line":22,"column":36}},"7":{"start":{"line":23,"column":4},"end":{"line":38,"column":5}},"8":{"start":{"line":24,"column":6},"end":{"line":24,"column":28}},"9":{"start":{"line":25,"column":23},"end":{"line":25,"column":64}},"10":{"start":{"line":26,"column":26},"end":{"line":26,"column":45}},"11":{"start":{"line":27,"column":6},"end":{"line":33,"column":7}},"12":{"start":{"line":28,"column":8},"end":{"line":32,"column":10}},"13":{"start":{"line":35,"column":6},"end":{"line":35,"column":60}},"14":{"start":{"line":37,"column":6},"end":{"line":37,"column":29}},"15":{"start":{"line":40,"column":23},"end":{"line":53,"column":3}},"16":{"start":{"line":41,"column":4},"end":{"line":41,"column":25}},"17":{"start":{"line":41,"column":18},"end":{"line":41,"column":25}},"18":{"start":{"line":42,"column":4},"end":{"line":52,"column":5}},"19":{"start":{"line":43,"column":6},"end":{"line":43,"column":24}},"20":{"start":{"line":44,"column":6},"end":{"line":44,"column":27}},"21":{"start":{"line":45,"column":6},"end":{"line":47,"column":7}},"22":{"start":{"line":46,"column":8},"end":{"line":46,"column":21}},"23":{"start":{"line":49,"column":6},"end":{"line":49,"column":53}},"24":{"start":{"line":51,"column":6},"end":{"line":51,"column":25}},"25":{"start":{"line":54,"column":2},"end":{"line":111,"column":4}},"26":{"start":{"line":66,"column":12},"end":{"line":66,"column":36}},"27":{"start":{"line":67,"column":12},"end":{"line":67,"column":31}},"28":{"start":{"line":100,"column":12},"end":{"line":100,"column":36}},"29":{"start":{"line":101,"column":12},"end":{"line":101,"column":27}}},"fnMap":{"0":{"name":"(anonymous_0)","decl":{"start":{"line":8,"column":17},"end":{"line":8,"column":18}},"loc":{"start":{"line":17,"column":6},"end":{"line":112,"column":1}},"line":17},"1":{"name":"(anonymous_1)","decl":{"start":{"line":20,"column":27},"end":{"line":20,"column":28}},"loc":{"start":{"line":20,"column":39},"end":{"line":39,"column":3}},"line":20},"2":{"name":"(anonymous_2)","decl":{"start":{"line":40,"column":23},"end":{"line":40,"column":24}},"loc":{"start":{"line":40,"column":35},"end":{"line":53,"column":3}},"line":40},"3":{"name":"(anonymous_3)","decl":{"start":{"line":65,"column":19},"end":{"line":65,"column":20}},"loc":{"start":{"line":65,"column":30},"end":{"line":68,"column":11}},"line":65},"4":{"name":"(anonymous_4)","decl":{"start":{"line":99,"column":19},"end":{"line":99,"column":20}},"loc":{"start":{"line":99,"column":30},"end":{"line":102,"column":11}},"line":99}},"branchMap":{"0":{"loc":{"start":{"line":13,"column":2},"end":{"line":13,"column":19}},"type":"default-arg","locations":[{"start":{"line":13,"column":14},"end":{"line":13,"column":19}}],"line":13},"1":{"loc":{"start":{"line":21,"column":4},"end":{"line":21,"column":29}},"type":"if","locations":[{"start":{"line":21,"column":4},"end":{"line":21,"column":29}},{"start":{},"end":{}}],"line":21},"2":{"loc":{"start":{"line":27,"column":6},"end":{"line":33,"column":7}},"type":"if","locations":[{"start":{"line":27,"column":6},"end":{"line":33,"column":7}},{"start":{},"end":{}}],"line":27},"3":{"loc":{"start":{"line":29,"column":10},"end":{"line":31,"column":11}},"type":"binary-expr","locations":[{"start":{"line":29,"column":10},"end":{"line":29,"column":21}},{"start":{"line":29,"column":25},"end":{"line":31,"column":11}}],"line":29},"4":{"loc":{"start":{"line":41,"column":4},"end":{"line":41,"column":25}},"type":"if","locations":[{"start":{"line":41,"column":4},"end":{"line":41,"column":25}},{"start":{},"end":{}}],"line":41},"5":{"loc":{"start":{"line":45,"column":6},"end":{"line":47,"column":7}},"type":"if","locations":[{"start":{"line":45,"column":6},"end":{"line":47,"column":7}},{"start":{},"end":{}}],"line":45},"6":{"loc":{"start":{"line":70,"column":22},"end":{"line":70,"column":61}},"type":"cond-expr","locations":[{"start":{"line":70,"column":34},"end":{"line":70,"column":47}},{"start":{"line":70,"column":50},"end":{"line":70,"column":61}}],"line":70},"7":{"loc":{"start":{"line":71,"column":17},"end":{"line":71,"column":56}},"type":"cond-expr","locations":[{"start":{"line":71,"column":29},"end":{"line":71,"column":42}},{"start":{"line":71,"column":45},"end":{"line":71,"column":56}}],"line":71},"8":{"loc":{"start":{"line":73,"column":12},"end":{"line":75,"column":33}},"type":"cond-expr","locations":[{"start":{"line":74,"column":16},"end":{"line":74,"column":47}},{"start":{"line":75,"column":16},"end":{"line":75,"column":33}}],"line":73},"9":{"loc":{"start":{"line":81,"column":18},"end":{"line":81,"column":53}},"type":"cond-expr","locations":[{"start":{"line":81,"column":30},"end":{"line":81,"column":44}},{"start":{"line":81,"column":47},"end":{"line":81,"column":53}}],"line":81},"10":{"loc":{"start":{"line":88,"column":18},"end":{"line":88,"column":31}},"type":"binary-expr","locations":[{"start":{"line":88,"column":18},"end":{"line":88,"column":25}},{"start":{"line":88,"column":29},"end":{"line":88,"column":31}}],"line":88}},"s":{"0":1,"1":17,"2":17,"3":17,"4":2,"5":0,"6":2,"7":2,"8":2,"9":2,"10":2,"11":2,"12":2,"13":0,"14":2,"15":17,"16":3,"17":0,"18":3,"19":3,"20":3,"21":2,"22":2,"23":1,"24":3,"25":17,"26":2,"27":2,"28":3,"29":3},"f":{"0":17,"1":2,"2":3,"3":2,"4":3},"b":{"0":[0],"1":[0,2],"2":[2,0],"3":[2,0],"4":[0,3],"5":[2,0],"6":[0,17],"7":[0,17],"8":[2,15],"9":[0,17],"10":[17,0]},"_coverageSchema":"1a1c01bbd47fc00a2c39e90264f33305004495a9","hash":"342789dfe9ad606399c1d9332e0eaa05f7e58352"}
,"E:\\PROJECTS\\cohort-9-mern-7817-wajahat\\frontend\\src\\services\\authService.js": {"path":"E:\\PROJECTS\\cohort-9-mern-7817-wajahat\\frontend\\src\\services\\authService.js","statementMap":{"0":{"start":{"line":7,"column":28},"end":{"line":15,"column":1}},"1":{"start":{"line":8,"column":19},"end":{"line":8,"column":61}},"2":{"start":{"line":9,"column":16},"end":{"line":9,"column":66}},"3":{"start":{"line":11,"column":2},"end":{"line":13,"column":3}},"4":{"start":{"line":12,"column":4},"end":{"line":12,"column":41}},"5":{"start":{"line":14,"column":2},"end":{"line":14,"column":18}},"6":{"start":{"line":22,"column":25},"end":{"line":29,"column":1}},"7":{"start":{"line":23,"column":19},"end":{"line":23,"column":61}},"8":{"start":{"line":24,"column":15},"end":{"line":24,"column":40}},"9":{"start":{"line":25,"column":2},"end":{"line":27,"column":3}},"10":{"start":{"line":26,"column":4},"end":{"line":26,"column":47}},"11":{"start":{"line":28,"column":2},"end":{"line":28,"column":18}},"12":{"start":{"line":34,"column":30},"end":{"line":36,"column":1}},"13":{"start":{"line":35,"column":2},"end":{"line":35,"column":29}},"14":{"start":{"line":41,"column":26},"end":{"line":43,"column":1}},"15":{"start":{"line":42,"column":4},"end":{"line":42,"column":42}}},"fnMap":{"0":{"name":"(anonymous_0)","decl":{"start":{"line":7,"column":28},"end":{"line":7,"column":29}},"loc":{"start":{"line":7,"column":48},"end":{"line":15,"column":1}},"line":7},"1":{"name":"(anonymous_1)","decl":{"start":{"line":22,"column":25},"end":{"line":22,"column":26}},"loc":{"start":{"line":22,"column":48},"end":{"line":29,"column":1}},"line":22},"2":{"name":"(anonymous_2)","decl":{"start":{"line":34,"column":30},"end":{"line":34,"column":31}},"loc":{"start":{"line":34,"column":36},"end":{"line":36,"column":1}},"line":34},"3":{"name":"(anonymous_3)","decl":{"start":{"line":41,"column":26},"end":{"line":41,"column":27}},"loc":{"start":{"line":41,"column":38},"end":{"line":43,"column":1}},"line":41}},"branchMap":{"0":{"loc":{"start":{"line":9,"column":16},"end":{"line":9,"column":66}},"type":"binary-expr","locations":[{"start":{"line":9,"column":16},"end":{"line":9,"column":42}},{"start":{"line":9,"column":46},"end":{"line":9,"column":66}}],"line":9},"1":{"loc":{"start":{"line":11,"column":2},"end":{"line":13,"column":3}},"type":"if","locations":[{"start":{"line":11,"column":2},"end":{"line":13,"column":3}},{"start":{},"end":{}}],"line":11},"2":{"loc":{"start":{"line":25,"column":2},"end":{"line":27,"column":3}},"type":"if","locations":[{"start":{"line":25,"column":2},"end":{"line":27,"column":3}},{"start":{},"end":{}}],"line":25}},"s":{"0":1,"1":4,"2":3,"3":3,"4":2,"5":3,"6":1,"7":3,"8":2,"9":2,"10":1,"11":1,"12":1,"13":1,"14":1,"15":2},"f":{"0":4,"1":3,"2":1,"3":2},"b":{"0":[3,2],"1":[2,1],"2":[1,1]},"_coverageSchema":"1a1c01bbd47fc00a2c39e90264f33305004495a9","hash":"dbfd85bee57a9eb3202045047524a055c631ed6e"}
,"E:\\PROJECTS\\cohort-9-mern-7817-wajahat\\frontend\\src\\services\\notesService.js": {"path":"E:\\PROJECTS\\cohort-9-mern-7817-wajahat\\frontend\\src\\services\\notesService.js","statementMap":{"0":{"start":{"line":3,"column":22},"end":{"line":10,"column":1}},"1":{"start":{"line":4,"column":2},"end":{"line":9,"column":3}},"2":{"start":{"line":5,"column":4},"end":{"line":5,"column":27}},"3":{"start":{"line":7,"column":4},"end":{"line":7,"column":54}},"4":{"start":{"line":8,"column":4},"end":{"line":8,"column":16}},"5":{"start":{"line":17,"column":26},"end":{"line":19,"column":1}},"6":{"start":{"line":18,"column":2},"end":{"line":18,"column":65}},"7":{"start":{"line":18,"column":35},"end":{"line":18,"column":63}},"8":{"start":{"line":25,"column":27},"end":{"line":27,"column":1}},"9":{"start":{"line":26,"column":2},"end":{"line":26,"column":54}},"10":{"start":{"line":26,"column":35},"end":{"line":26,"column":52}},"11":{"start":{"line":34,"column":27},"end":{"line":36,"column":1}},"12":{"start":{"line":35,"column":2},"end":{"line":35,"column":64}},"13":{"start":{"line":35,"column":35},"end":{"line":35,"column":62}},"14":{"start":{"line":44,"column":26},"end":{"line":48,"column":1}},"15":{"start":{"line":45,"column":2},"end":{"line":47,"column":4}},"16":{"start":{"line":46,"column":4},"end":{"line":46,"column":43}},"17":{"start":{"line":55,"column":26},"end":{"line":59,"column":1}},"18":{"start":{"line":56,"column":2},"end":{"line":58,"column":4}},"19":{"start":{"line":57,"column":4},"end":{"line":57,"column":34}},"20":{"start":{"line":67,"column":32},"end":{"line":73,"column":1}},"21":{"start":{"line":68,"column":2},"end":{"line":72,"column":4}},"22":{"start":{"line":69,"column":4},"end":{"line":71,"column":6}},"23":{"start":{"line":79,"column":31},"end":{"line":83,"column":1}},"24":{"start":{"line":80,"column":2},"end":{"line":82,"column":4}},"25":{"start":{"line":81,"column":4},"end":{"line":81,"column":29}},"26":{"start":{"line":90,"column":27},"end":{"line":98,"column":1}},"27":{"start":{"line":91,"column":2},"end":{"line":97,"column":4}},"28":{"start":{"line":92,"column":4},"end":{"line":96,"column":6}}},"fnMap":{"0":{"name":"(anonymous_0)","decl":{"start":{"line":3,"column":22},"end":{"line":3,"column":23}},"loc":{"start":{"line":3,"column":41},"end":{"line":10,"column":1}},"line":3},"1":{"name":"(anonymous_1)","decl":{"start":{"line":17,"column":26},"end":{"line":17,"column":27}},"loc":{"start":{"line":17,"column":46},"end":{"line":19,"column":1}},"line":17},"2":{"name":"(anonymous_2)","decl":{"start":{"line":18,"column":29},"end":{"line":18,"column":30}},"loc":{"start":{"line":18,"column":35},"end":{"line":18,"column":63}},"line":18},"3":{"name":"(anonymous_3)","decl":{"start":{"line":25,"column":27},"end":{"line":25,"column":28}},"loc":{"start":{"line":25,"column":39},"end":{"line":27,"column":1}},"line":25},"4":{"name":"(anonymous_4)","decl":{"start":{"line":26,"column":29},"end":{"line":26,"column":30}},"loc":{"start":{"line":26,"column":35},"end":{"line":26,"column":52}},"line":26},"5":{"name":"(anonymous_5)","decl":{"start":{"line":34,"column":27},"end":{"line":34,"column":28}},"loc":{"start":{"line":34,"column":45},"end":{"line":36,"column":1}},"line":34},"6":{"name":"(anonymous_6)","decl":{"start":{"line":35,"column":29},"end":{"line":35,"column":30}},"loc":{"start":{"line":35,"column":35},"end":{"line":35,"column":62}},"line":35},"7":{"name":"(anonymous_7)","decl":{"start":{"line":44,"column":26},"end":{"line":44,"column":27}},"loc":{"start":{"line":44,"column":54},"end":{"line":48,"column":1}},"line":44},"8":{"name":"(anonymous_8)","decl":{"start":{"line":45,"column":29},"end":{"line":45,"column":30}},"loc":{"start":{"line":46,"column":4},"end":{"line":46,"column":43}},"line":46},"9":{"name":"(anonymous_9)","decl":{"start":{"line":55,"column":26},"end":{"line":55,"column":27}},"loc":{"start":{"line":55,"column":44},"end":{"line":59,"column":1}},"line":55},"10":{"name":"(anonymous_10)","decl":{"start":{"line":56,"column":29},"end":{"line":56,"column":30}},"loc":{"start":{"line":57,"column":4},"end":{"line":57,"column":34}},"line":57},"11":{"name":"(anonymous_11)","decl":{"start":{"line":67,"column":32},"end":{"line":67,"column":33}},"loc":{"start":{"line":67,"column":61},"end":{"line":73,"column":1}},"line":67},"12":{"name":"(anonymous_12)","decl":{"start":{"line":68,"column":29},"end":{"line":68,"column":30}},"loc":{"start":{"line":69,"column":4},"end":{"line":71,"column":6}},"line":69},"13":{"name":"(anonymous_13)","decl":{"start":{"line":79,"column":31},"end":{"line":79,"column":32}},"loc":{"start":{"line":79,"column":43},"end":{"line":83,"column":1}},"line":79},"14":{"name":"(anonymous_14)","decl":{"start":{"line":80,"column":29},"end":{"line":80,"column":30}},"loc":{"start":{"line":81,"column":4},"end":{"line":81,"column":29}},"line":81},"15":{"name":"(anonymous_15)","decl":{"start":{"line":90,"column":27},"end":{"line":90,"column":28}},"loc":{"start":{"line":90,"column":44},"end":{"line":98,"column":1}},"line":90},"16":{"name":"(anonymous_16)","decl":{"start":{"line":91,"column":29},"end":{"line":91,"column":30}},"loc":{"start":{"line":92,"column":4},"end":{"line":96,"column":6}},"line":92}},"branchMap":{},"s":{"0":2,"1":9,"2":9,"3":1,"4":1,"5":2,"6":1,"7":1,"8":2,"9":2,"10":2,"11":2,"12":1,"13":1,"14":2,"15":1,"16":1,"17":2,"18":1,"19":1,"20":2,"21":1,"22":1,"23":2,"24":1,"25":1,"26":2,"27":1,"28":1},"f":{"0":9,"1":1,"2":1,"3":2,"4":2,"5":1,"6":1,"7":1,"8":1,"9":1,"10":1,"11":1,"12":1,"13":1,"14":1,"15":1,"16":1},"b":{},"_coverageSchema":"1a1c01bbd47fc00a2c39e90264f33305004495a9","hash":"1c86a5c8ae98defbc744e0fad7c3407e6f81addb"}
}
