{"E:\\PROJECTS\\cohort-9-mern-7817-wajahat\\backend\\src\\utils\\jwt.js":{"path":"E:\\PROJECTS\\cohort-9-mern-7817-wajahat\\backend\\src\\utils\\jwt.js","statementMap":{"0":{"start":{"line":1,"column":0},"end":{"line":1,"column":27}},"1":{"start":{"line":2,"column":12},"end":{"line":2,"column":35}},"2":{"start":{"line":4,"column":22},"end":{"line":8,"column":1}},"3":{"start":{"line":5,"column":4},"end":{"line":7,"column":7}},"4":{"start":{"line":9,"column":20},"end":{"line":11,"column":1}},"5":{"start":{"line":10,"column":4},"end":{"line":10,"column":53}},"6":{"start":{"line":12,"column":0},"end":{"line":15,"column":2}}},"fnMap":{"0":{"name":"(anonymous_0)","decl":{"start":{"line":4,"column":22},"end":{"line":4,"column":23}},"loc":{"start":{"line":4,"column":35},"end":{"line":8,"column":1}},"line":4},"1":{"name":"(anonymous_1)","decl":{"start":{"line":9,"column":20},"end":{"line":9,"column":21}},"loc":{"start":{"line":9,"column":31},"end":{"line":11,"column":1}},"line":9}},"branchMap":{},"s":{"0":1,"1":1,"2":1,"3":2,"4":1,"5":1,"6":1},"f":{"0":2,"1":1},"b":{},"_coverageSchema":"1a1c01bbd47fc00a2c39e90264f33305004495a9","hash":"b4b919de1cf7142158e679b6642f44a93cf51ce0","contentHash":"65dc52f36e593ff151a119fda59b2c339ea4f2b01f12aa2ec27a636dab02f3b0"},"E:\\PROJECTS\\cohort-9-mern-7817-wajahat\\backend\\src\\services\\auth.service.js":{"path":"E:\\PROJECTS\\cohort-9-mern-7817-wajahat\\backend\\src\\services\\auth.service.js","statementMap":{"0":{"start":{"line":1,"column":15},"end":{"line":1,"column":32}},"1":{"start":{"line":2,"column":14},"end":{"line":2,"column":28}},"2":{"start":{"line":3,"column":15},"end":{"line":3,"column":42}},"3":{"start":{"line":4,"column":15},"end":{"line":4,"column":42}},"4":{"start":{"line":5,"column":12},"end":{"line":5,"column":35}},"5":{"start":{"line":7,"column":20},"end":{"line":7,"column":64}},"6":{"start":{"line":9,"column":23},"end":{"line":23,"column":2}},"7":{"start":{"line":20,"column":15},"end":{"line":20,"column":57}},"8":{"start":{"line":25,"column":20},"end":{"line":33,"column":2}},"9":{"start":{"line":36,"column":22},"end":{"line":44,"column":1}},"10":{"start":{"line":37,"column":17},"end":{"line":37,"column":39}},"11":{"start":{"line":38,"column":2},"end":{"line":42,"column":3}},"12":{"start":{"line":39,"column":18},"end":{"line":39,"column":59}},"13":{"start":{"line":40,"column":4},"end":{"line":40,"column":27}},"14":{"start":{"line":41,"column":4},"end":{"line":41,"column":16}},"15":{"start":{"line":43,"column":2},"end":{"line":43,"column":21}},"16":{"start":{"line":46,"column":21},"end":{"line":97,"column":1}},"17":{"start":{"line":47,"column":2},"end":{"line":96,"column":3}},"18":{"start":{"line":48,"column":53},"end":{"line":48,"column":88}},"19":{"start":{"line":50,"column":25},"end":{"line":52,"column":6}},"20":{"start":{"line":54,"column":4},"end":{"line":59,"column":5}},"21":{"start":{"line":55,"column":6},"end":{"line":55,"column":92}},"22":{"start":{"line":56,"column":20},"end":{"line":56,"column":57}},"23":{"start":{"line":57,"column":6},"end":{"line":57,"column":29}},"24":{"start":{"line":58,"column":6},"end":{"line":58,"column":18}},"25":{"start":{"line":61,"column":27},"end":{"line":61,"column":67}},"26":{"start":{"line":63,"column":17},"end":{"line":78,"column":6}},"27":{"start":{"line":80,"column":4},"end":{"line":80,"column":69}},"28":{"start":{"line":82,"column":18},"end":{"line":85,"column":6}},"29":{"start":{"line":87,"column":4},"end":{"line":90,"column":6}},"30":{"start":{"line":92,"column":4},"end":{"line":94,"column":5}},"31":{"start":{"line":93,"column":6},"end":{"line":93,"column":27}},"32":{"start":{"line":95,"column":4},"end":{"line":95,"column":14}},"33":{"start":{"line":99,"column":18},"end":{"line":146,"column":1}},"34":{"start":{"line":100,"column":2},"end":{"line":145,"column":3}},"35":{"start":{"line":101,"column":32},"end":{"line":101,"column":64}},"36":{"start":{"line":103,"column":22},"end":{"line":105,"column":6}},"37":{"start":{"line":107,"column":4},"end":{"line":111,"column":5}},"38":{"start":{"line":108,"column":20},"end":{"line":108,"column":58}},"39":{"start":{"line":109,"column":6},"end":{"line":109,"column":29}},"40":{"start":{"line":110,"column":6},"end":{"line":110,"column":18}},"41":{"start":{"line":113,"column":30},"end":{"line":113,"column":80}},"42":{"start":{"line":115,"column":4},"end":{"line":119,"column":5}},"43":{"start":{"line":116,"column":20},"end":{"line":116,"column":60}},"44":{"start":{"line":117,"column":6},"end":{"line":117,"column":29}},"45":{"start":{"line":118,"column":6},"end":{"line":118,"column":18}},"46":{"start":{"line":121,"column":4},"end":{"line":124,"column":6}},"47":{"start":{"line":126,"column":18},"end":{"line":129,"column":6}},"48":{"start":{"line":131,"column":4},"end":{"line":139,"column":6}},"49":{"start":{"line":141,"column":4},"end":{"line":143,"column":5}},"50":{"start":{"line":142,"column":6},"end":{"line":142,"column":27}},"51":{"start":{"line":144,"column":4},"end":{"line":144,"column":14}},"52":{"start":{"line":148,"column":14},"end":{"line":178,"column":1}},"53":{"start":{"line":149,"column":2},"end":{"line":177,"column":3}},"54":{"start":{"line":150,"column":17},"end":{"line":162,"column":6}},"55":{"start":{"line":164,"column":4},"end":{"line":168,"column":5}},"56":{"start":{"line":165,"column":20},"end":{"line":165,"column":47}},"57":{"start":{"line":166,"column":6},"end":{"line":166,"column":29}},"58":{"start":{"line":167,"column":6},"end":{"line":167,"column":18}},"59":{"start":{"line":170,"column":4},"end":{"line":170,"column":70}},"60":{"start":{"line":171,"column":4},"end":{"line":171,"column":16}},"61":{"start":{"line":173,"column":4},"end":{"line":175,"column":5}},"62":{"start":{"line":174,"column":6},"end":{"line":174,"column":27}},"63":{"start":{"line":176,"column":4},"end":{"line":176,"column":14}},"64":{"start":{"line":180,"column":19},"end":{"line":197,"column":1}},"65":{"start":{"line":181,"column":2},"end":{"line":196,"column":3}},"66":{"start":{"line":182,"column":4},"end":{"line":185,"column":6}},"67":{"start":{"line":187,"column":4},"end":{"line":190,"column":6}},"68":{"start":{"line":192,"column":4},"end":{"line":194,"column":5}},"69":{"start":{"line":193,"column":6},"end":{"line":193,"column":27}},"70":{"start":{"line":195,"column":4},"end":{"line":195,"column":14}},"71":{"start":{"line":199,"column":0},"end":{"line":204,"column":2}}},"fnMap":{"0":{"name":"(anonymous_0)","decl":{"start":{"line":20,"column":6},"end":{"line":20,"column":7}},"loc":{"start":{"line":20,"column":15},"end":{"line":20,"column":57}},"line":20},"1":{"name":"(anonymous_1)","decl":{"start":{"line":36,"column":22},"end":{"line":36,"column":23}},"loc":{"start":{"line":36,"column":40},"end":{"line":44,"column":1}},"line":36},"2":{"name":"(anonymous_2)","decl":{"start":{"line":46,"column":21},"end":{"line":46,"column":22}},"loc":{"start":{"line":46,"column":37},"end":{"line":97,"column":1}},"line":46},"3":{"name":"(anonymous_3)","decl":{"start":{"line":99,"column":18},"end":{"line":99,"column":19}},"loc":{"start":{"line":99,"column":34},"end":{"line":146,"column":1}},"line":99},"4":{"name":"(anonymous_4)","decl":{"start":{"line":148,"column":14},"end":{"line":148,"column":15}},"loc":{"start":{"line":148,"column":32},"end":{"line":178,"column":1}},"line":148},"5":{"name":"(anonymous_5)","decl":{"start":{"line":180,"column":19},"end":{"line":180,"column":20}},"loc":{"start":{"line":180,"column":35},"end":{"line":197,"column":1}},"line":180}},"branchMap":{"0":{"loc":{"start":{"line":7,"column":20},"end":{"line":7,"column":64}},"type":"binary-expr","locations":[{"start":{"line":7,"column":20},"end":{"line":7,"column":58}},{"start":{"line":7,"column":62},"end":{"line":7,"column":64}}],"line":7},"1":{"loc":{"start":{"line":20,"column":15},"end":{"line":20,"column":57}},"type":"binary-expr","locations":[{"start":{"line":20,"column":15},"end":{"line":20,"column":29}},{"start":{"line":20,"column":33},"end":{"line":20,"column":57}}],"line":20},"2":{"loc":{"start":{"line":38,"column":2},"end":{"line":42,"column":3}},"type":"if","locations":[{"start":{"line":38,"column":2},"end":{"line":42,"column":3}},{"start":{},"end":{}}],"line":38},"3":{"loc":{"start":{"line":54,"column":4},"end":{"line":59,"column":5}},"type":"if","locations":[{"start":{"line":54,"column":4},"end":{"line":59,"column":5}},{"start":{},"end":{}}],"line":54},"4":{"loc":{"start":{"line":92,"column":4},"end":{"line":94,"column":5}},"type":"if","locations":[{"start":{"line":92,"column":4},"end":{"line":94,"column":5}},{"start":{},"end":{}}],"line":92},"5":{"loc":{"start":{"line":107,"column":4},"end":{"line":111,"column":5}},"type":"if","locations":[{"start":{"line":107,"column":4},"end":{"line":111,"column":5}},{"start":{},"end":{}}],"line":107},"6":{"loc":{"start":{"line":115,"column":4},"end":{"line":119,"column":5}},"type":"if","locations":[{"start":{"line":115,"column":4},"end":{"line":119,"column":5}},{"start":{},"end":{}}],"line":115},"7":{"loc":{"start":{"line":141,"column":4},"end":{"line":143,"column":5}},"type":"if","locations":[{"start":{"line":141,"column":4},"end":{"line":143,"column":5}},{"start":{},"end":{}}],"line":141},"8":{"loc":{"start":{"line":164,"column":4},"end":{"line":168,"column":5}},"type":"if","locations":[{"start":{"line":164,"column":4},"end":{"line":168,"column":5}},{"start":{},"end":{}}],"line":164},"9":{"loc":{"start":{"line":173,"column":4},"end":{"line":175,"column":5}},"type":"if","locations":[{"start":{"line":173,"column":4},"end":{"line":175,"column":5}},{"start":{},"end":{}}],"line":173},"10":{"loc":{"start":{"line":192,"column":4},"end":{"line":194,"column":5}},"type":"if","locations":[{"start":{"line":192,"column":4},"end":{"line":194,"column":5}},{"start":{},"end":{}}],"line":192}},"s":{"0":45,"1":45,"2":45,"3":45,"4":45,"5":45,"6":45,"7":24,"8":45,"9":45,"10":40,"11":40,"12":20,"13":0,"14":0,"15":20,"16":45,"17":26,"18":26,"19":10,"20":9,"21":3,"22":3,"23":3,"24":3,"25":6,"26":6,"27":3,"28":3,"29":3,"30":23,"31":19,"32":23,"33":45,"34":14,"35":14,"36":10,"37":8,"38":3,"39":3,"40":3,"41":5,"42":4,"43":2,"44":2,"45":2,"46":2,"47":2,"48":2,"49":12,"50":6,"51":12,"52":45,"53":3,"54":3,"55":2,"56":1,"57":1,"58":1,"59":1,"60":1,"61":2,"62":1,"63":2,"64":45,"65":2,"66":2,"67":2,"68":0,"69":0,"70":0,"71":45},"f":{"0":24,"1":40,"2":26,"3":14,"4":3,"5":2},"b":{"0":[45,45],"1":[24,22],"2":[20,20],"3":[3,6],"4":[19,4],"5":[3,5],"6":[2,2],"7":[6,6],"8":[1,1],"9":[1,1],"10":[0,0]},"_coverageSchema":"1a1c01bbd47fc00a2c39e90264f33305004495a9","hash":"3ad9dd719e27fafd0746c6250fada0db9e5300c4","contentHash":"8ce7ef8201447d27c35d95e206f8fa6f3a43b5e045ceffc4a44f23dca322000c"},"E:\\PROJECTS\\cohort-9-mern-7817-wajahat\\backend\\src\\services\\notes.service.js":{"path":"E:\\PROJECTS\\cohort-9-mern-7817-wajahat\\backend\\src\\services\\notes.service.js","statementMap":{"0":{"start":{"line":1,"column":15},"end":{"line":1,"column":42}},"1":{"start":{"line":2,"column":15},"end":{"line":2,"column":42}},"2":{"start":{"line":3,"column":18},"end":{"line":3,"column":41}},"3":{"start":{"line":5,"column":19},"end":{"line":39,"column":1}},"4":{"start":{"line":6,"column":4},"end":{"line":38,"column":5}},"5":{"start":{"line":7,"column":8},"end":{"line":11,"column":9}},"6":{"start":{"line":8,"column":26},"end":{"line":8,"column":69}},"7":{"start":{"line":9,"column":12},"end":{"line":9,"column":35}},"8":{"start":{"line":10,"column":12},"end":{"line":10,"column":24}},"9":{"start":{"line":12,"column":28},"end":{"line":26,"column":10}},"10":{"start":{"line":27,"column":8},"end":{"line":30,"column":40}},"11":{"start":{"line":31,"column":8},"end":{"line":31,"column":27}},"12":{"start":{"line":34,"column":8},"end":{"line":36,"column":9}},"13":{"start":{"line":35,"column":12},"end":{"line":35,"column":35}},"14":{"start":{"line":37,"column":8},"end":{"line":37,"column":20}},"15":{"start":{"line":41,"column":20},"end":{"line":70,"column":1}},"16":{"start":{"line":42,"column":4},"end":{"line":69,"column":5}},"17":{"start":{"line":43,"column":22},"end":{"line":55,"column":10}},"18":{"start":{"line":56,"column":8},"end":{"line":61,"column":10}},"19":{"start":{"line":63,"column":8},"end":{"line":63,"column":20}},"20":{"start":{"line":65,"column":8},"end":{"line":67,"column":9}},"21":{"start":{"line":66,"column":12},"end":{"line":66,"column":35}},"22":{"start":{"line":68,"column":8},"end":{"line":68,"column":20}},"23":{"start":{"line":72,"column":19},"end":{"line":111,"column":1}},"24":{"start":{"line":73,"column":1},"end":{"line":110,"column":5}},"25":{"start":{"line":74,"column":15},"end":{"line":79,"column":4}},"26":{"start":{"line":81,"column":2},"end":{"line":85,"column":3}},"27":{"start":{"line":82,"column":18},"end":{"line":82,"column":45}},"28":{"start":{"line":83,"column":4},"end":{"line":83,"column":27}},"29":{"start":{"line":84,"column":4},"end":{"line":84,"column":16}},"30":{"start":{"line":87,"column":2},"end":{"line":91,"column":5}},"31":{"start":{"line":93,"column":2},"end":{"line":99,"column":4}},"32":{"start":{"line":101,"column":2},"end":{"line":103,"column":4}},"33":{"start":{"line":106,"column":8},"end":{"line":108,"column":9}},"34":{"start":{"line":107,"column":12},"end":{"line":107,"column":35}},"35":{"start":{"line":109,"column":8},"end":{"line":109,"column":20}},"36":{"start":{"line":113,"column":19},"end":{"line":162,"column":1}},"37":{"start":{"line":114,"column":0},"end":{"line":161,"column":5}},"38":{"start":{"line":115,"column":15},"end":{"line":120,"column":4}},"39":{"start":{"line":122,"column":2},"end":{"line":126,"column":3}},"40":{"start":{"line":123,"column":18},"end":{"line":123,"column":45}},"41":{"start":{"line":124,"column":4},"end":{"line":124,"column":27}},"42":{"start":{"line":125,"column":4},"end":{"line":125,"column":16}},"43":{"start":{"line":128,"column":22},"end":{"line":144,"column":4}},"44":{"start":{"line":146,"column":2},"end":{"line":152,"column":4}},"45":{"start":{"line":154,"column":2},"end":{"line":154,"column":21}},"46":{"start":{"line":157,"column":8},"end":{"line":159,"column":9}},"47":{"start":{"line":158,"column":12},"end":{"line":158,"column":35}},"48":{"start":{"line":160,"column":8},"end":{"line":160,"column":20}},"49":{"start":{"line":163,"column":25},"end":{"line":217,"column":1}},"50":{"start":{"line":164,"column":2},"end":{"line":216,"column":3}},"51":{"start":{"line":165,"column":4},"end":{"line":169,"column":5}},"52":{"start":{"line":166,"column":20},"end":{"line":166,"column":66}},"53":{"start":{"line":167,"column":6},"end":{"line":167,"column":29}},"54":{"start":{"line":168,"column":6},"end":{"line":168,"column":18}},"55":{"start":{"line":171,"column":19},"end":{"line":179,"column":6}},"56":{"start":{"line":181,"column":4},"end":{"line":185,"column":5}},"57":{"start":{"line":182,"column":20},"end":{"line":182,"column":47}},"58":{"start":{"line":183,"column":6},"end":{"line":183,"column":29}},"59":{"start":{"line":184,"column":6},"end":{"line":184,"column":18}},"60":{"start":{"line":187,"column":24},"end":{"line":199,"column":6}},"61":{"start":{"line":201,"column":4},"end":{"line":208,"column":6}},"62":{"start":{"line":210,"column":4},"end":{"line":210,"column":23}},"63":{"start":{"line":212,"column":4},"end":{"line":214,"column":5}},"64":{"start":{"line":213,"column":6},"end":{"line":213,"column":29}},"65":{"start":{"line":215,"column":4},"end":{"line":215,"column":16}},"66":{"start":{"line":219,"column":20},"end":{"line":257,"column":1}},"67":{"start":{"line":220,"column":2},"end":{"line":256,"column":3}},"68":{"start":{"line":221,"column":17},"end":{"line":234,"column":6}},"69":{"start":{"line":236,"column":4},"end":{"line":240,"column":5}},"70":{"start":{"line":237,"column":20},"end":{"line":237,"column":47}},"71":{"start":{"line":238,"column":6},"end":{"line":238,"column":29}},"72":{"start":{"line":239,"column":6},"end":{"line":239,"column":18}},"73":{"start":{"line":242,"column":4},"end":{"line":248,"column":6}},"74":{"start":{"line":250,"column":4},"end":{"line":250,"column":16}},"75":{"start":{"line":252,"column":4},"end":{"line":254,"column":5}},"76":{"start":{"line":253,"column":6},"end":{"line":253,"column":29}},"77":{"start":{"line":255,"column":4},"end":{"line":255,"column":16}},"78":{"start":{"line":259,"column":24},"end":{"line":292,"column":1}},"79":{"start":{"line":260,"column":2},"end":{"line":291,"column":3}},"80":{"start":{"line":261,"column":18},"end":{"line":277,"column":6}},"81":{"start":{"line":279,"column":4},"end":{"line":285,"column":6}},"82":{"start":{"line":287,"column":4},"end":{"line":287,"column":17}},"83":{"start":{"line":289,"column":4},"end":{"line":289,"column":50}},"84":{"start":{"line":289,"column":27},"end":{"line":289,"column":50}},"85":{"start":{"line":290,"column":4},"end":{"line":290,"column":16}},"86":{"start":{"line":294,"column":20},"end":{"line":347,"column":1}},"87":{"start":{"line":295,"column":2},"end":{"line":346,"column":3}},"88":{"start":{"line":296,"column":4},"end":{"line":300,"column":5}},"89":{"start":{"line":297,"column":20},"end":{"line":297,"column":57}},"90":{"start":{"line":298,"column":6},"end":{"line":298,"column":29}},"91":{"start":{"line":299,"column":6},"end":{"line":299,"column":18}},"92":{"start":{"line":302,"column":18},"end":{"line":331,"column":6}},"93":{"start":{"line":333,"column":4},"end":{"line":340,"column":6}},"94":{"start":{"line":342,"column":4},"end":{"line":342,"column":17}},"95":{"start":{"line":344,"column":4},"end":{"line":344,"column":50}},"96":{"start":{"line":344,"column":27},"end":{"line":344,"column":50}},"97":{"start":{"line":345,"column":4},"end":{"line":345,"column":16}},"98":{"start":{"line":349,"column":0},"end":{"line":351,"column":1}}},"fnMap":{"0":{"name":"(anonymous_0)","decl":{"start":{"line":5,"column":19},"end":{"line":5,"column":20}},"loc":{"start":{"line":5,"column":57},"end":{"line":39,"column":1}},"line":5},"1":{"name":"(anonymous_1)","decl":{"start":{"line":41,"column":20},"end":{"line":41,"column":21}},"loc":{"start":{"line":41,"column":38},"end":{"line":70,"column":1}},"line":41},"2":{"name":"(anonymous_2)","decl":{"start":{"line":72,"column":19},"end":{"line":72,"column":20}},"loc":{"start":{"line":72,"column":45},"end":{"line":111,"column":1}},"line":72},"3":{"name":"(anonymous_3)","decl":{"start":{"line":113,"column":19},"end":{"line":113,"column":20}},"loc":{"start":{"line":113,"column":65},"end":{"line":162,"column":1}},"line":113},"4":{"name":"(anonymous_4)","decl":{"start":{"line":163,"column":25},"end":{"line":163,"column":26}},"loc":{"start":{"line":163,"column":62},"end":{"line":217,"column":1}},"line":163},"5":{"name":"(anonymous_5)","decl":{"start":{"line":219,"column":20},"end":{"line":219,"column":21}},"loc":{"start":{"line":219,"column":46},"end":{"line":257,"column":1}},"line":219},"6":{"name":"(anonymous_6)","decl":{"start":{"line":259,"column":24},"end":{"line":259,"column":25}},"loc":{"start":{"line":259,"column":42},"end":{"line":292,"column":1}},"line":259},"7":{"name":"(anonymous_7)","decl":{"start":{"line":294,"column":20},"end":{"line":294,"column":21}},"loc":{"start":{"line":294,"column":45},"end":{"line":347,"column":1}},"line":294}},"branchMap":{"0":{"loc":{"start":{"line":7,"column":8},"end":{"line":11,"column":9}},"type":"if","locations":[{"start":{"line":7,"column":8},"end":{"line":11,"column":9}},{"start":{},"end":{}}],"line":7},"1":{"loc":{"start":{"line":7,"column":12},"end":{"line":7,"column":30}},"type":"binary-expr","locations":[{"start":{"line":7,"column":12},"end":{"line":7,"column":18}},{"start":{"line":7,"column":22},"end":{"line":7,"column":30}}],"line":7},"2":{"loc":{"start":{"line":34,"column":8},"end":{"line":36,"column":9}},"type":"if","locations":[{"start":{"line":34,"column":8},"end":{"line":36,"column":9}},{"start":{},"end":{}}],"line":34},"3":{"loc":{"start":{"line":65,"column":8},"end":{"line":67,"column":9}},"type":"if","locations":[{"start":{"line":65,"column":8},"end":{"line":67,"column":9}},{"start":{},"end":{}}],"line":65},"4":{"loc":{"start":{"line":81,"column":2},"end":{"line":85,"column":3}},"type":"if","locations":[{"start":{"line":81,"column":2},"end":{"line":85,"column":3}},{"start":{},"end":{}}],"line":81},"5":{"loc":{"start":{"line":106,"column":8},"end":{"line":108,"column":9}},"type":"if","locations":[{"start":{"line":106,"column":8},"end":{"line":108,"column":9}},{"start":{},"end":{}}],"line":106},"6":{"loc":{"start":{"line":122,"column":2},"end":{"line":126,"column":3}},"type":"if","locations":[{"start":{"line":122,"column":2},"end":{"line":126,"column":3}},{"start":{},"end":{}}],"line":122},"7":{"loc":{"start":{"line":157,"column":8},"end":{"line":159,"column":9}},"type":"if","locations":[{"start":{"line":157,"column":8},"end":{"line":159,"column":9}},{"start":{},"end":{}}],"line":157},"8":{"loc":{"start":{"line":165,"column":4},"end":{"line":169,"column":5}},"type":"if","locations":[{"start":{"line":165,"column":4},"end":{"line":169,"column":5}},{"start":{},"end":{}}],"line":165},"9":{"loc":{"start":{"line":181,"column":4},"end":{"line":185,"column":5}},"type":"if","locations":[{"start":{"line":181,"column":4},"end":{"line":185,"column":5}},{"start":{},"end":{}}],"line":181},"10":{"loc":{"start":{"line":212,"column":4},"end":{"line":214,"column":5}},"type":"if","locations":[{"start":{"line":212,"column":4},"end":{"line":214,"column":5}},{"start":{},"end":{}}],"line":212},"11":{"loc":{"start":{"line":236,"column":4},"end":{"line":240,"column":5}},"type":"if","locations":[{"start":{"line":236,"column":4},"end":{"line":240,"column":5}},{"start":{},"end":{}}],"line":236},"12":{"loc":{"start":{"line":252,"column":4},"end":{"line":254,"column":5}},"type":"if","locations":[{"start":{"line":252,"column":4},"end":{"line":254,"column":5}},{"start":{},"end":{}}],"line":252},"13":{"loc":{"start":{"line":289,"column":4},"end":{"line":289,"column":50}},"type":"if","locations":[{"start":{"line":289,"column":4},"end":{"line":289,"column":50}},{"start":{},"end":{}}],"line":289},"14":{"loc":{"start":{"line":296,"column":4},"end":{"line":300,"column":5}},"type":"if","locations":[{"start":{"line":296,"column":4},"end":{"line":300,"column":5}},{"start":{},"end":{}}],"line":296},"15":{"loc":{"start":{"line":344,"column":4},"end":{"line":344,"column":50}},"type":"if","locations":[{"start":{"line":344,"column":4},"end":{"line":344,"column":50}},{"start":{},"end":{}}],"line":344}},"s":{"0":73,"1":73,"2":73,"3":73,"4":11,"5":11,"6":6,"7":6,"8":6,"9":5,"10":3,"11":3,"12":8,"13":1,"14":8,"15":73,"16":8,"17":8,"18":7,"19":7,"20":1,"21":1,"22":1,"23":73,"24":9,"25":9,"26":8,"27":3,"28":3,"29":3,"30":5,"31":4,"32":4,"33":5,"34":2,"35":5,"36":73,"37":10,"38":10,"39":9,"40":3,"41":3,"42":3,"43":6,"44":4,"45":4,"46":6,"47":2,"48":6,"49":73,"50":14,"51":14,"52":4,"53":4,"54":4,"55":10,"56":9,"57":1,"58":1,"59":1,"60":8,"61":7,"62":7,"63":7,"64":2,"65":7,"66":73,"67":10,"68":10,"69":8,"70":4,"71":4,"72":4,"73":4,"74":4,"75":6,"76":1,"77":6,"78":73,"79":4,"80":4,"81":3,"82":3,"83":1,"84":1,"85":1,"86":73,"87":7,"88":7,"89":2,"90":2,"91":2,"92":5,"93":4,"94":4,"95":3,"96":1,"97":3,"98":73},"f":{"0":11,"1":8,"2":9,"3":10,"4":14,"5":10,"6":4,"7":7},"b":{"0":[6,5],"1":[11,6],"2":[1,7],"3":[1,0],"4":[3,5],"5":[2,3],"6":[3,6],"7":[2,4],"8":[4,10],"9":[1,8],"10":[2,5],"11":[4,4],"12":[1,5],"13":[1,0],"14":[2,5],"15":[1,2]},"_coverageSchema":"1a1c01bbd47fc00a2c39e90264f33305004495a9","hash":"eb1139dcaa2016527496e9e5b5c2ff451dd234c3","contentHash":"1c3843e916f7832214f11051d6f431f64fe6260df30468710887e8fdcef12d1a"},"E:\\PROJECTS\\cohort-9-mern-7817-wajahat\\backend\\src\\config\\logger.js":{"path":"E:\\PROJECTS\\cohort-9-mern-7817-wajahat\\backend\\src\\config\\logger.js","statementMap":{"0":{"start":{"line":1,"column":13},"end":{"line":1,"column":28}},"1":{"start":{"line":2,"column":13},"end":{"line":2,"column":28}},"2":{"start":{"line":4,"column":21},"end":{"line":4,"column":55}},"3":{"start":{"line":5,"column":20},"end":{"line":5,"column":54}},"4":{"start":{"line":7,"column":15},"end":{"line":28,"column":1}},"5":{"start":{"line":15,"column":8},"end":{"line":17,"column":10}},"6":{"start":{"line":30,"column":0},"end":{"line":30,"column":24}}},"fnMap":{"0":{"name":"(anonymous_0)","decl":{"start":{"line":14,"column":6},"end":{"line":14,"column":7}},"loc":{"start":{"line":14,"column":19},"end":{"line":18,"column":7}},"line":14}},"branchMap":{"0":{"loc":{"start":{"line":9,"column":11},"end":{"line":9,"column":42}},"type":"binary-expr","locations":[{"start":{"line":9,"column":11},"end":{"line":9,"column":32}},{"start":{"line":9,"column":36},"end":{"line":9,"column":42}}],"line":9}},"s":{"0":2,"1":2,"2":2,"3":2,"4":2,"5":12,"6":2},"f":{"0":12},"b":{"0":[2,2]},"_coverageSchema":"1a1c01bbd47fc00a2c39e90264f33305004495a9","hash":"b376fb4b7aac4e4a905415c6f2b1488f244980e2","contentHash":"bad2f7ccc37c41ea8a073228f44e78c615fe02a49a262f102bacbb0ded7014f2"}}